\BOOKMARK [1][-]{section.1}{Detailed Mathematical Approach}{}% 1
\BOOKMARK [1][-]{section.2}{Time-series Modeling of Diagnostic History}{}% 2
\BOOKMARK [1][-]{section.3}{Step 1: Partitioning The Human Disease Spectrum}{}% 3
\BOOKMARK [1][-]{section.4}{Step 2: Model Inference \046 The Sequence Likelihood Defect}{}% 4
\BOOKMARK [1][-]{section.5}{Step 3: Risk Estimation Pipeline With Semi-supervised \046 Supervised Learning Modules}{}% 5
\BOOKMARK [1][-]{section.6}{Comparison With State of the Art Off-the-shelf ML Algorithms}{}% 6
\BOOKMARK [1][-]{section.7}{Comparison With Pipeline Variations, Feature Subsets and Neural Net Post-processing}{}% 7
\BOOKMARK [1][-]{section.8}{Feature Subset Evaluations \046 Code Density As A Feature}{}% 8
\BOOKMARK [1][-]{section.9}{Threshold Selection on ROC Curve}{}% 9
\BOOKMARK [1][-]{section.10}{Note on Reciever Operating Characteristics \(ROC\) and Precision-recall Curves}{}% 10
\BOOKMARK [1][-]{section.11}{Effect of Class Imbalance}{}% 11
\BOOKMARK [1][-]{section.12}{Note on ASD Clinical Diagnosis \046 Uncertainty of EHR Record}{}% 12
\BOOKMARK [1][-]{section.13}{Diagnostic Evaluations}{}% 13
\BOOKMARK [1][-]{section.14}{Change In Diagnostic Criteria for ASD, Inclusion of PDD, Asperger, and Disambiguation From Unrelated Psychiatric Phenotypes}{}% 14
\BOOKMARK [1][-]{section.15}{Performance Comparison With M-CHAT/F}{}% 15
\BOOKMARK [1][-]{section.16}{Improving Wait-times For Diagnostic Evaluations by Reducing False Positives in Routine Screening}{}% 16
\BOOKMARK [1][-]{section.17}{4D Decision Optimization Using M-CHAT/F Population Stratification To Boost PPV}{}% 17
\BOOKMARK [1][-]{section.18}{Generating PFSA Models From Set of Input Streams with Variable Input Lengths}{}% 18
\BOOKMARK [1][-]{section.19}{Probabilsitic Finite State Automata Inference}{}% 19
\BOOKMARK [1][-]{section.20}{Probabilistic Finite-State Automaton}{}% 20
\BOOKMARK [1][-]{section.21}{Sequence Likelihood Defect}{}% 21
\BOOKMARK [1][-]{section.22}{Pipeline Optimization}{}% 22
\BOOKMARK [1][-]{section.23}{Input Data Format}{}% 23
\BOOKMARK [1][-]{section.24}{Algorithms}{}% 24
\BOOKMARK [1][-]{section.25}{Example Run with Released Application}{}% 25
\BOOKMARK [1][-]{section.26}{Prerequisites \046 Installation}{}% 26
\BOOKMARK [1][-]{section.27}{EHR data format}{}% 27
\BOOKMARK [1][-]{section.28}{Sample Python code risk estimation}{}% 28
\BOOKMARK [1][-]{section.29}{Sample Python script risk estimation}{}% 29
